<?xml version="1.0" encoding="UTF-8"?>
<testsuite xmlns:xsi="http://www.w3.org/2001/XMLSchema-instance" xsi:schemaLocation="https://maven.apache.org/surefire/maven-surefire-plugin/xsd/surefire-test-report.xsd" name="dao.Sql2oUsersDaoTest" time="1.193" tests="4" errors="0" skipped="0" failures="0">
  <properties>
[...]
</properties>
  <testcase name="addingUserToDbSetsUserId" classname="dao.Sql2oUsersDaoTest" time="0.638"/>
  <testcase name="addedUserIsReturnedCorrectly" classname="dao.Sql2oUsersDaoTest" time="0.096"/>
  <testcase name="getDepartmentsUserIsIn" classname="dao.Sql2oUsersDaoTest" time="0.217"/>
  <testcase name="allInstancesAreReturned" classname="dao.Sql2oUsersDaoTest" time="0.083"/>
</testsuite>